<?xml version="1.0" encoding="UTF-8"?>
<!-- Generated by org.testng.reporters.JUnitReportReporter -->
<testsuite hostname="DESKTOP-JOBO0MD" failures="0" tests="1" name="Demo.Login" time="4.858" errors="0" timestamp="2025-09-08T13:57:58 PST" skipped="0">
  <testcase classname="Demo.Login" name="Test" time="4.858"/>
</testsuite> <!-- Demo.Login -->
