<?xml version="1.0" encoding="UTF-8"?>
<!-- Generated by org.testng.reporters.JUnitReportReporter -->
<testsuite hostname="DESKTOP-JOBO0MD" failures="0" tests="1" name="Demo.LaunchBrowser" time="3.861" errors="0" timestamp="2025-09-01T16:47:13 PST" skipped="0">
  <testcase classname="Demo.LaunchBrowser" name="Test" time="3.861"/>
</testsuite> <!-- Demo.LaunchBrowser -->
